<?xml version="1.0" encoding="UTF-8"?>
<!-- Generated by org.testng.reporters.JUnitReportReporter -->
<testsuite hostname="ITEM-S135709" failures="0" tests="1" name="nopwebsitetesting.NOPCustomerSearchTest" time="49.605" errors="0" timestamp="2022-09-26T18:18:12 IST" skipped="0">
  <testcase classname="nopwebsitetesting.NOPCustomerSearchTest" name="searchcustomerbyemail" time="49.605"/>
  <system-out/>
</testsuite> <!-- nopwebsitetesting.NOPCustomerSearchTest -->
