<?xml version="1.0" encoding="UTF-8"?>
<!-- Generated by org.testng.reporters.JUnitReportReporter -->
<testsuite hostname="ITEM-S135709" failures="0" tests="1" name="iphoneprice.iphonepriceamazon" time="5.381" errors="0" timestamp="2022-09-19T15:01:57 IST" skipped="0">
  <testcase classname="iphoneprice.iphonepriceamazon" name="iphone13price" time="5.381"/>
  <system-out/>
</testsuite> <!-- iphoneprice.iphonepriceamazon -->
