<?xml version="1.0" encoding="UTF-8"?>
<!-- Generated by org.testng.reporters.JUnitReportReporter -->
<testsuite hostname="ITEM-S135709" failures="0" tests="2" name="nopwebsitetesting.noploginpagetest" time="5.465" errors="0" timestamp="2024-07-21T00:40:36 IST" skipped="0">
  <testcase classname="nopwebsitetesting.noploginpagetest" name="logintest" time="3.776"/>
  <system-out/>
  <testcase classname="nopwebsitetesting.noploginpagetest" name="logouttest" time="1.689"/>
  <system-out/>
</testsuite> <!-- nopwebsitetesting.noploginpagetest -->
