<?xml version="1.0" encoding="UTF-8"?>
<!-- Generated by org.testng.reporters.JUnitReportReporter -->
<testsuite hostname="ITEM-S135709" failures="0" tests="1" name="nopwebsitetesting.NOPCustomerSearchTest" time="25.134" errors="0" timestamp="2024-07-21T00:40:36 IST" skipped="0">
  <testcase classname="nopwebsitetesting.NOPCustomerSearchTest" name="searchcustomerbyemail" time="25.134"/>
  <system-out/>
</testsuite> <!-- nopwebsitetesting.NOPCustomerSearchTest -->
