<?xml version="1.0" encoding="UTF-8"?>
<!-- Generated by org.testng.reporters.JUnitReportReporter -->
<testsuite hostname="ITEM-S135709" failures="0" tests="2" name="nopwebsitetesting.noploginpagetest" time="5.392" errors="0" timestamp="2024-08-01T15:07:08 IST" skipped="0">
  <testcase classname="nopwebsitetesting.noploginpagetest" name="logintest" time="3.447"/>
  <system-out/>
  <testcase classname="nopwebsitetesting.noploginpagetest" name="logouttest" time="1.945"/>
  <system-out/>
</testsuite> <!-- nopwebsitetesting.noploginpagetest -->
