<?xml version="1.0" encoding="UTF-8"?>
<!-- Generated by org.testng.reporters.JUnitReportReporter -->
<testsuite hostname="ITEM-S135709" failures="0" tests="1" name="nopwebsitetesting.NOPCustomerSearchTest" time="24.256" errors="0" timestamp="2024-08-01T15:07:08 IST" skipped="0">
  <testcase classname="nopwebsitetesting.NOPCustomerSearchTest" name="searchcustomerbyemail" time="24.256"/>
  <system-out/>
</testsuite> <!-- nopwebsitetesting.NOPCustomerSearchTest -->
