<?xml version="1.0" encoding="UTF-8"?>
<!-- Generated by org.testng.reporters.JUnitReportReporter -->
<testsuite hostname="ITEM-S135709" failures="0" tests="1" name="nopwebsitetesting.NOPAddNewCustomerTest" time="12.068" errors="0" timestamp="2022-11-29T14:11:01 IST" skipped="0">
  <testcase classname="nopwebsitetesting.NOPAddNewCustomerTest" name="nopaddnewcuromer" time="12.068"/>
  <system-out/>
</testsuite> <!-- nopwebsitetesting.NOPAddNewCustomerTest -->
