<?xml version="1.0" encoding="UTF-8"?>
<!-- Generated by org.testng.reporters.JUnitReportReporter -->
<testsuite hostname="ITEM-S135709" failures="0" tests="1" name="nopwebsitetesting.NOPAddNewCustomerTest" time="7.461" errors="0" timestamp="2024-07-21T00:40:36 IST" skipped="0">
  <testcase classname="nopwebsitetesting.NOPAddNewCustomerTest" name="nopaddnewcuromer" time="7.461"/>
  <system-out/>
</testsuite> <!-- nopwebsitetesting.NOPAddNewCustomerTest -->
