<?xml version="1.0" encoding="UTF-8"?>
<!-- Generated by org.testng.reporters.JUnitReportReporter -->
<testsuite hostname="ITEM-S135709" failures="0" tests="2" name="nopwebsitetesting.noploginpagetest" time="8.143" errors="0" timestamp="2023-02-22T17:34:39 IST" skipped="0">
  <testcase classname="nopwebsitetesting.noploginpagetest" name="logintest" time="6.532"/>
  <system-out/>
  <testcase classname="nopwebsitetesting.noploginpagetest" name="logouttest" time="1.611"/>
  <system-out/>
</testsuite> <!-- nopwebsitetesting.noploginpagetest -->
