<?xml version="1.0" encoding="UTF-8"?>
<!-- Generated by org.testng.reporters.JUnitReportReporter -->
<testsuite hostname="ITEM-S135709" failures="0" tests="1" name="nopwebsitetesting.NOPCustomerSearchTest" time="17.132" errors="0" timestamp="2022-11-29T14:11:01 IST" skipped="0">
  <testcase classname="nopwebsitetesting.NOPCustomerSearchTest" name="searchcustomerbyemail" time="17.132"/>
  <system-out/>
</testsuite> <!-- nopwebsitetesting.NOPCustomerSearchTest -->
