<?xml version="1.0" encoding="UTF-8"?>
<!-- Generated by org.testng.reporters.JUnitReportReporter -->
<testsuite hostname="ITEM-S135709" failures="0" tests="1" name="nopwebsitetesting.NOPAddNewCustomerTest" time="8.525" errors="0" timestamp="2023-02-22T17:34:39 IST" skipped="0">
  <testcase classname="nopwebsitetesting.NOPAddNewCustomerTest" name="nopaddnewcuromer" time="8.525"/>
  <system-out/>
</testsuite> <!-- nopwebsitetesting.NOPAddNewCustomerTest -->
