<?xml version="1.0" encoding="UTF-8"?>
<!-- Generated by org.testng.reporters.JUnitReportReporter -->
<testsuite hostname="ITEM-S135709" failures="0" tests="1" name="nopwebsitetesting.extra" time="87.319" errors="0" timestamp="2023-01-04T13:29:49 IST" skipped="0">
  <testcase classname="nopwebsitetesting.extra" name="extra1" time="87.319"/>
  <system-out/>
</testsuite> <!-- nopwebsitetesting.extra -->
