<?xml version="1.0" encoding="UTF-8"?>
<!-- Generated by org.testng.reporters.JUnitReportReporter -->
<testsuite hostname="ITEM-S135709" failures="0" tests="2" name="practicepackage.TestNGDemo" time="6.610" errors="0" timestamp="2024-08-01T14:55:40 IST" skipped="0">
  <testcase classname="practicepackage.TestNGDemo" name="google" time="3.779"/>
  <system-out/>
  <testcase classname="practicepackage.TestNGDemo" name="facebook" time="2.831"/>
  <system-out/>
</testsuite> <!-- practicepackage.TestNGDemo -->
