<?xml version="1.0" encoding="UTF-8"?>
<!-- Generated by org.testng.reporters.JUnitReportReporter -->
<testsuite hostname="ITEM-S135709" failures="0" tests="2" name="nopwebsitetesting.noploginpagetest" time="6.138" errors="0" timestamp="2022-11-29T14:11:01 IST" skipped="0">
  <testcase classname="nopwebsitetesting.noploginpagetest" name="logintest" time="4.424"/>
  <system-out/>
  <testcase classname="nopwebsitetesting.noploginpagetest" name="logouttest" time="1.714"/>
  <system-out/>
</testsuite> <!-- nopwebsitetesting.noploginpagetest -->
