<?xml version="1.0" encoding="UTF-8"?>
<!-- Generated by org.testng.reporters.JUnitReportReporter -->
<testsuite hostname="ITEM-S135709" failures="0" tests="1" name="nopwebsitetesting.NOPCustomerSearchTest" time="28.687" errors="0" timestamp="2023-02-22T17:34:39 IST" skipped="0">
  <testcase classname="nopwebsitetesting.NOPCustomerSearchTest" name="searchcustomerbyemail" time="28.687"/>
  <system-out/>
</testsuite> <!-- nopwebsitetesting.NOPCustomerSearchTest -->
