<?xml version="1.0" encoding="UTF-8"?>
<!-- Generated by org.testng.reporters.JUnitReportReporter -->
<testsuite hostname="ITEM-S135709" failures="0" tests="1" name="nopwebsitetesting.extra" time="12.193" errors="0" timestamp="2022-10-19T18:35:24 IST" skipped="0">
  <testcase classname="nopwebsitetesting.extra" name="extra1" time="12.193"/>
  <system-out/>
</testsuite> <!-- nopwebsitetesting.extra -->
