<?xml version="1.0" encoding="UTF-8"?>
<!-- Generated by org.testng.reporters.JUnitReportReporter -->
<testsuite hostname="ITEM-S135709" failures="0" tests="1" name="DemoQA" time="0.007" errors="0" timestamp="2024-07-31T23:55:34 IST" skipped="0">
  <testcase classname="DemoQA" name="f" time="0.007"/>
  <system-out/>
</testsuite> <!-- DemoQA -->
